<?xml version="1.0" encoding="UTF-8"?>
<robot generator="Robot 6.0.1 (Python 3.10.5 on win32)" generated="20230131 18:24:31.316" rpa="false" schemaversion="3">
<suite id="s1" name="Api Testing Usuarios" source="C:\Projetos\Robotframework\Udemy\TreinamentoRobot\APITeste\Teste\api_testing_usuarios.robot">
<test id="s1-t1" name="Cenário 01: Cadastrar um novo usuário com sucesso na ServeRest" line="8">
<kw name="Criar um usuário novo" library="api_testing_usuarios_resouce">
<kw name="Generate Random String" library="String">
<var>${meu_email}</var>
<arg>length=4</arg>
<arg>chars=[LETTERS]</arg>
<doc>Generates a string with a desired ``length`` from the given ``chars``.</doc>
<msg timestamp="20230131 18:24:31.525" level="INFO">${meu_email} = Ddbt</msg>
<status status="PASS" starttime="20230131 18:24:31.525" endtime="20230131 18:24:31.525"/>
</kw>
<kw name="Convert To Lower Case" library="String">
<var>${meu_email}</var>
<arg>${meu_email}</arg>
<doc>Converts string to lower case.</doc>
<msg timestamp="20230131 18:24:31.526" level="INFO">${meu_email} = ddbt</msg>
<status status="PASS" starttime="20230131 18:24:31.525" endtime="20230131 18:24:31.526"/>
</kw>
<kw name="Set Test Variable" library="BuiltIn">
<arg>${EMAIL_TESTE}</arg>
<arg>${meu_email}@gft.com</arg>
<doc>Makes a variable available everywhere within the scope of the current test.</doc>
<msg timestamp="20230131 18:24:31.527" level="INFO">${EMAIL_TESTE} = ddbt@gft.com</msg>
<status status="PASS" starttime="20230131 18:24:31.526" endtime="20230131 18:24:31.527"/>
</kw>
<kw name="Log" library="BuiltIn">
<arg>${EMAIL_TESTE}</arg>
<doc>Logs the given message with the given level.</doc>
<msg timestamp="20230131 18:24:31.527" level="INFO">ddbt@gft.com</msg>
<status status="PASS" starttime="20230131 18:24:31.527" endtime="20230131 18:24:31.527"/>
</kw>
<status status="PASS" starttime="20230131 18:24:31.524" endtime="20230131 18:24:31.527"/>
</kw>
<kw name="Cadastrar o usuário criado na ServeRest" library="api_testing_usuarios_resouce">
<arg>email=${EMAIL_TESTE}</arg>
<arg>status_code_desejado=201</arg>
<kw name="Create Dictionary" library="BuiltIn">
<var>${body}</var>
<arg>nome=Cleverson Santos</arg>
<arg>email=${email}</arg>
<arg>password=1234</arg>
<arg>administrador=true</arg>
<doc>Creates and returns a dictionary based on the given ``items``.</doc>
<msg timestamp="20230131 18:24:31.530" level="INFO">${body} = {'nome': 'Cleverson Santos', 'email': 'ddbt@gft.com', 'password': '1234', 'administrador': 'true'}</msg>
<status status="PASS" starttime="20230131 18:24:31.529" endtime="20230131 18:24:31.530"/>
</kw>
<kw name="Log" library="BuiltIn">
<arg>${body}</arg>
<doc>Logs the given message with the given level.</doc>
<msg timestamp="20230131 18:24:31.530" level="INFO">{'nome': 'Cleverson Santos', 'email': 'ddbt@gft.com', 'password': '1234', 'administrador': 'true'}</msg>
<status status="PASS" starttime="20230131 18:24:31.530" endtime="20230131 18:24:31.530"/>
</kw>
<kw name="Criar Sessão na ServeRest" library="api_testing_usuarios_resouce">
<kw name="Create Dictionary" library="BuiltIn">
<var>${headers}</var>
<arg>accept=application/json</arg>
<arg>Content-Type=application/json</arg>
<doc>Creates and returns a dictionary based on the given ``items``.</doc>
<msg timestamp="20230131 18:24:31.531" level="INFO">${headers} = {'accept': 'application/json', 'Content-Type': 'application/json'}</msg>
<status status="PASS" starttime="20230131 18:24:31.531" endtime="20230131 18:24:31.531"/>
</kw>
<kw name="Create Session" library="RequestsLibrary">
<arg>alias=ServeRest</arg>
<arg>url=https://serverest.dev</arg>
<arg>headers=${headers}</arg>
<doc>Create Session: create a HTTP session to a server</doc>
<msg timestamp="20230131 18:24:31.532" level="INFO">Creating Session using : alias=ServeRest, url=https://serverest.dev, headers={'accept': 'application/json', 'Content-Type': 'application/json'},                     cookies={}, auth=None, timeout=None, proxies=None, verify=False,                     debug=0 </msg>
<status status="PASS" starttime="20230131 18:24:31.531" endtime="20230131 18:24:31.532"/>
</kw>
<status status="PASS" starttime="20230131 18:24:31.530" endtime="20230131 18:24:31.532"/>
</kw>
<kw name="POST On Session" library="RequestsLibrary">
<var>${resposta}</var>
<arg>alias=ServeRest</arg>
<arg>url=/usuarios</arg>
<arg>json=${body}</arg>
<arg>expected_status=${status_code_desejado}</arg>
<doc>Sends a POST request on a previously created HTTP Session.</doc>
<msg timestamp="20230131 18:24:32.354" level="INFO">POST Request : url=https://serverest.dev/usuarios 
 path_url=/usuarios 
 headers={'User-Agent': 'python-requests/2.28.1', 'Accept-Encoding': 'gzip, deflate', 'accept': 'application/json', 'Connection': 'keep-alive', 'Content-Type': 'application/json', 'Content-Length': '98'} 
 body=b'{"nome": "Cleverson Santos", "email": "ddbt@gft.com", "password": "1234", "administrador": "true"}' 
 </msg>
<msg timestamp="20230131 18:24:32.354" level="INFO">POST Response : url=https://serverest.dev/usuarios 
 status=201, reason=Created 
 headers={'access-control-allow-origin': '*', 'x-dns-prefetch-control': 'off', 'x-frame-options': 'SAMEORIGIN', 'strict-transport-security': 'max-age=15552000; includeSubDomains', 'x-download-options': 'noopen', 'x-content-type-options': 'nosniff', 'x-xss-protection': '1; mode=block', 'x-moesif-transaction-id': 'f321b7e1-23c2-440a-985d-d7023ac20506', 'content-type': 'application/json; charset=utf-8', 'X-Cloud-Trace-Context': 'ea90425262f3f89688451c6e68809092;o=1', 'Date': 'Tue, 31 Jan 2023 21:24:32 GMT', 'Server': 'Google Frontend', 'Content-Length': '82'} 
 body={
    "message": "Cadastro realizado com sucesso",
    "_id": "TpV30FC2szJCTOD6"
} 
 </msg>
<msg timestamp="20230131 18:24:32.354" level="INFO">C:\Python\lib\site-packages\urllib3\connectionpool.py:1045: InsecureRequestWarning: Unverified HTTPS request is being made to host 'serverest.dev'. Adding certificate verification is strongly advised. See: https://urllib3.readthedocs.io/en/1.26.x/advanced-usage.html#ssl-warnings
  warnings.warn(</msg>
<msg timestamp="20230131 18:24:32.355" level="INFO">${resposta} = &lt;Response [201]&gt;</msg>
<status status="PASS" starttime="20230131 18:24:31.532" endtime="20230131 18:24:32.355"/>
</kw>
<kw name="Log" library="BuiltIn">
<arg>${resposta.json()}</arg>
<doc>Logs the given message with the given level.</doc>
<msg timestamp="20230131 18:24:32.358" level="INFO">{'message': 'Cadastro realizado com sucesso', '_id': 'TpV30FC2szJCTOD6'}</msg>
<status status="PASS" starttime="20230131 18:24:32.356" endtime="20230131 18:24:32.358"/>
</kw>
<if>
<branch type="IF" condition="${resposta.status_code} == 201">
<kw name="Set Test Variable" library="BuiltIn">
<arg>${ID_USUARIO}</arg>
<arg>${resposta.json()["_id"]}</arg>
<doc>Makes a variable available everywhere within the scope of the current test.</doc>
<msg timestamp="20230131 18:24:32.362" level="INFO">${ID_USUARIO} = TpV30FC2szJCTOD6</msg>
<status status="PASS" starttime="20230131 18:24:32.360" endtime="20230131 18:24:32.362"/>
</kw>
<status status="PASS" starttime="20230131 18:24:32.359" endtime="20230131 18:24:32.362"/>
</branch>
<status status="PASS" starttime="20230131 18:24:32.358" endtime="20230131 18:24:32.362"/>
</if>
<kw name="Set Test Variable" library="BuiltIn">
<arg>${RESPOSTA}</arg>
<arg>${resposta.json()}</arg>
<doc>Makes a variable available everywhere within the scope of the current test.</doc>
<msg timestamp="20230131 18:24:32.364" level="INFO">${RESPOSTA} = {'message': 'Cadastro realizado com sucesso', '_id': 'TpV30FC2szJCTOD6'}</msg>
<status status="PASS" starttime="20230131 18:24:32.362" endtime="20230131 18:24:32.364"/>
</kw>
<status status="PASS" starttime="20230131 18:24:31.528" endtime="20230131 18:24:32.364"/>
</kw>
<kw name="Conferir se o usuário foi cadastrado corretamente" library="api_testing_usuarios_resouce">
<kw name="Log" library="BuiltIn">
<arg>${RESPOSTA}</arg>
<doc>Logs the given message with the given level.</doc>
<msg timestamp="20230131 18:24:32.366" level="INFO">{'message': 'Cadastro realizado com sucesso', '_id': 'TpV30FC2szJCTOD6'}</msg>
<status status="PASS" starttime="20230131 18:24:32.366" endtime="20230131 18:24:32.366"/>
</kw>
<kw name="Dictionary Should Contain Item" library="Collections">
<arg>${RESPOSTA}</arg>
<arg>message</arg>
<arg>Cadastro realizado com sucesso</arg>
<doc>An item of ``key`` / ``value`` must be found in a ``dictionary``.</doc>
<status status="PASS" starttime="20230131 18:24:32.366" endtime="20230131 18:24:32.367"/>
</kw>
<kw name="Dictionary Should Contain Key" library="Collections">
<arg>${RESPOSTA}</arg>
<arg>_id</arg>
<doc>Fails if ``key`` is not found from ``dictionary``.</doc>
<status status="PASS" starttime="20230131 18:24:32.367" endtime="20230131 18:24:32.367"/>
</kw>
<status status="PASS" starttime="20230131 18:24:32.365" endtime="20230131 18:24:32.367"/>
</kw>
<status status="PASS" starttime="20230131 18:24:31.524" endtime="20230131 18:24:32.367"/>
</test>
<test id="s1-t2" name="Cenário 02: Cadastrar um usuário já existente" line="13">
<kw name="Criar um usuário novo" library="api_testing_usuarios_resouce">
<kw name="Generate Random String" library="String">
<var>${meu_email}</var>
<arg>length=4</arg>
<arg>chars=[LETTERS]</arg>
<doc>Generates a string with a desired ``length`` from the given ``chars``.</doc>
<msg timestamp="20230131 18:24:32.369" level="INFO">${meu_email} = arLD</msg>
<status status="PASS" starttime="20230131 18:24:32.369" endtime="20230131 18:24:32.370"/>
</kw>
<kw name="Convert To Lower Case" library="String">
<var>${meu_email}</var>
<arg>${meu_email}</arg>
<doc>Converts string to lower case.</doc>
<msg timestamp="20230131 18:24:32.370" level="INFO">${meu_email} = arld</msg>
<status status="PASS" starttime="20230131 18:24:32.370" endtime="20230131 18:24:32.370"/>
</kw>
<kw name="Set Test Variable" library="BuiltIn">
<arg>${EMAIL_TESTE}</arg>
<arg>${meu_email}@gft.com</arg>
<doc>Makes a variable available everywhere within the scope of the current test.</doc>
<msg timestamp="20230131 18:24:32.371" level="INFO">${EMAIL_TESTE} = arld@gft.com</msg>
<status status="PASS" starttime="20230131 18:24:32.370" endtime="20230131 18:24:32.371"/>
</kw>
<kw name="Log" library="BuiltIn">
<arg>${EMAIL_TESTE}</arg>
<doc>Logs the given message with the given level.</doc>
<msg timestamp="20230131 18:24:32.372" level="INFO">arld@gft.com</msg>
<status status="PASS" starttime="20230131 18:24:32.371" endtime="20230131 18:24:32.372"/>
</kw>
<status status="PASS" starttime="20230131 18:24:32.369" endtime="20230131 18:24:32.372"/>
</kw>
<kw name="Cadastrar o usuário criado na ServeRest" library="api_testing_usuarios_resouce">
<arg>email=${EMAIL_TESTE}</arg>
<arg>status_code_desejado=201</arg>
<kw name="Create Dictionary" library="BuiltIn">
<var>${body}</var>
<arg>nome=Cleverson Santos</arg>
<arg>email=${email}</arg>
<arg>password=1234</arg>
<arg>administrador=true</arg>
<doc>Creates and returns a dictionary based on the given ``items``.</doc>
<msg timestamp="20230131 18:24:32.375" level="INFO">${body} = {'nome': 'Cleverson Santos', 'email': 'arld@gft.com', 'password': '1234', 'administrador': 'true'}</msg>
<status status="PASS" starttime="20230131 18:24:32.374" endtime="20230131 18:24:32.375"/>
</kw>
<kw name="Log" library="BuiltIn">
<arg>${body}</arg>
<doc>Logs the given message with the given level.</doc>
<msg timestamp="20230131 18:24:32.375" level="INFO">{'nome': 'Cleverson Santos', 'email': 'arld@gft.com', 'password': '1234', 'administrador': 'true'}</msg>
<status status="PASS" starttime="20230131 18:24:32.375" endtime="20230131 18:24:32.375"/>
</kw>
<kw name="Criar Sessão na ServeRest" library="api_testing_usuarios_resouce">
<kw name="Create Dictionary" library="BuiltIn">
<var>${headers}</var>
<arg>accept=application/json</arg>
<arg>Content-Type=application/json</arg>
<doc>Creates and returns a dictionary based on the given ``items``.</doc>
<msg timestamp="20230131 18:24:32.376" level="INFO">${headers} = {'accept': 'application/json', 'Content-Type': 'application/json'}</msg>
<status status="PASS" starttime="20230131 18:24:32.376" endtime="20230131 18:24:32.376"/>
</kw>
<kw name="Create Session" library="RequestsLibrary">
<arg>alias=ServeRest</arg>
<arg>url=https://serverest.dev</arg>
<arg>headers=${headers}</arg>
<doc>Create Session: create a HTTP session to a server</doc>
<msg timestamp="20230131 18:24:32.377" level="INFO">Creating Session using : alias=ServeRest, url=https://serverest.dev, headers={'accept': 'application/json', 'Content-Type': 'application/json'},                     cookies={}, auth=None, timeout=None, proxies=None, verify=False,                     debug=0 </msg>
<status status="PASS" starttime="20230131 18:24:32.376" endtime="20230131 18:24:32.377"/>
</kw>
<status status="PASS" starttime="20230131 18:24:32.376" endtime="20230131 18:24:32.377"/>
</kw>
<kw name="POST On Session" library="RequestsLibrary">
<var>${resposta}</var>
<arg>alias=ServeRest</arg>
<arg>url=/usuarios</arg>
<arg>json=${body}</arg>
<arg>expected_status=${status_code_desejado}</arg>
<doc>Sends a POST request on a previously created HTTP Session.</doc>
<msg timestamp="20230131 18:24:32.730" level="INFO">POST Request : url=https://serverest.dev/usuarios 
 path_url=/usuarios 
 headers={'User-Agent': 'python-requests/2.28.1', 'Accept-Encoding': 'gzip, deflate', 'accept': 'application/json', 'Connection': 'keep-alive', 'Content-Type': 'application/json', 'Content-Length': '98'} 
 body=b'{"nome": "Cleverson Santos", "email": "arld@gft.com", "password": "1234", "administrador": "true"}' 
 </msg>
<msg timestamp="20230131 18:24:32.731" level="INFO">POST Response : url=https://serverest.dev/usuarios 
 status=201, reason=Created 
 headers={'access-control-allow-origin': '*', 'x-dns-prefetch-control': 'off', 'x-frame-options': 'SAMEORIGIN', 'strict-transport-security': 'max-age=15552000; includeSubDomains', 'x-download-options': 'noopen', 'x-content-type-options': 'nosniff', 'x-xss-protection': '1; mode=block', 'x-moesif-transaction-id': 'bfc093fd-ef43-458f-802d-b4edb0b4c45d', 'content-type': 'application/json; charset=utf-8', 'X-Cloud-Trace-Context': 'ba0ce29096d7698524875187a80f6686', 'Date': 'Tue, 31 Jan 2023 21:24:32 GMT', 'Server': 'Google Frontend', 'Content-Length': '82'} 
 body={
    "message": "Cadastro realizado com sucesso",
    "_id": "aZiWZoV1LRCclMjW"
} 
 </msg>
<msg timestamp="20230131 18:24:32.731" level="INFO">C:\Python\lib\site-packages\urllib3\connectionpool.py:1045: InsecureRequestWarning: Unverified HTTPS request is being made to host 'serverest.dev'. Adding certificate verification is strongly advised. See: https://urllib3.readthedocs.io/en/1.26.x/advanced-usage.html#ssl-warnings
  warnings.warn(</msg>
<msg timestamp="20230131 18:24:32.732" level="INFO">${resposta} = &lt;Response [201]&gt;</msg>
<status status="PASS" starttime="20230131 18:24:32.377" endtime="20230131 18:24:32.732"/>
</kw>
<kw name="Log" library="BuiltIn">
<arg>${resposta.json()}</arg>
<doc>Logs the given message with the given level.</doc>
<msg timestamp="20230131 18:24:32.734" level="INFO">{'message': 'Cadastro realizado com sucesso', '_id': 'aZiWZoV1LRCclMjW'}</msg>
<status status="PASS" starttime="20230131 18:24:32.732" endtime="20230131 18:24:32.734"/>
</kw>
<if>
<branch type="IF" condition="${resposta.status_code} == 201">
<kw name="Set Test Variable" library="BuiltIn">
<arg>${ID_USUARIO}</arg>
<arg>${resposta.json()["_id"]}</arg>
<doc>Makes a variable available everywhere within the scope of the current test.</doc>
<msg timestamp="20230131 18:24:32.737" level="INFO">${ID_USUARIO} = aZiWZoV1LRCclMjW</msg>
<status status="PASS" starttime="20230131 18:24:32.735" endtime="20230131 18:24:32.737"/>
</kw>
<status status="PASS" starttime="20230131 18:24:32.735" endtime="20230131 18:24:32.737"/>
</branch>
<status status="PASS" starttime="20230131 18:24:32.734" endtime="20230131 18:24:32.737"/>
</if>
<kw name="Set Test Variable" library="BuiltIn">
<arg>${RESPOSTA}</arg>
<arg>${resposta.json()}</arg>
<doc>Makes a variable available everywhere within the scope of the current test.</doc>
<msg timestamp="20230131 18:24:32.741" level="INFO">${RESPOSTA} = {'message': 'Cadastro realizado com sucesso', '_id': 'aZiWZoV1LRCclMjW'}</msg>
<status status="PASS" starttime="20230131 18:24:32.738" endtime="20230131 18:24:32.741"/>
</kw>
<status status="PASS" starttime="20230131 18:24:32.373" endtime="20230131 18:24:32.741"/>
</kw>
<kw name="Vou repetir o cadastro do usuário" library="api_testing_usuarios_resouce">
<kw name="Cadastrar o usuário criado na ServeRest" library="api_testing_usuarios_resouce">
<arg>email=${EMAIL_TESTE}</arg>
<arg>status_code_desejado=400</arg>
<kw name="Create Dictionary" library="BuiltIn">
<var>${body}</var>
<arg>nome=Cleverson Santos</arg>
<arg>email=${email}</arg>
<arg>password=1234</arg>
<arg>administrador=true</arg>
<doc>Creates and returns a dictionary based on the given ``items``.</doc>
<msg timestamp="20230131 18:24:32.744" level="INFO">${body} = {'nome': 'Cleverson Santos', 'email': 'arld@gft.com', 'password': '1234', 'administrador': 'true'}</msg>
<status status="PASS" starttime="20230131 18:24:32.744" endtime="20230131 18:24:32.745"/>
</kw>
<kw name="Log" library="BuiltIn">
<arg>${body}</arg>
<doc>Logs the given message with the given level.</doc>
<msg timestamp="20230131 18:24:32.745" level="INFO">{'nome': 'Cleverson Santos', 'email': 'arld@gft.com', 'password': '1234', 'administrador': 'true'}</msg>
<status status="PASS" starttime="20230131 18:24:32.745" endtime="20230131 18:24:32.745"/>
</kw>
<kw name="Criar Sessão na ServeRest" library="api_testing_usuarios_resouce">
<kw name="Create Dictionary" library="BuiltIn">
<var>${headers}</var>
<arg>accept=application/json</arg>
<arg>Content-Type=application/json</arg>
<doc>Creates and returns a dictionary based on the given ``items``.</doc>
<msg timestamp="20230131 18:24:32.747" level="INFO">${headers} = {'accept': 'application/json', 'Content-Type': 'application/json'}</msg>
<status status="PASS" starttime="20230131 18:24:32.746" endtime="20230131 18:24:32.747"/>
</kw>
<kw name="Create Session" library="RequestsLibrary">
<arg>alias=ServeRest</arg>
<arg>url=https://serverest.dev</arg>
<arg>headers=${headers}</arg>
<doc>Create Session: create a HTTP session to a server</doc>
<msg timestamp="20230131 18:24:32.748" level="INFO">Creating Session using : alias=ServeRest, url=https://serverest.dev, headers={'accept': 'application/json', 'Content-Type': 'application/json'},                     cookies={}, auth=None, timeout=None, proxies=None, verify=False,                     debug=0 </msg>
<status status="PASS" starttime="20230131 18:24:32.747" endtime="20230131 18:24:32.749"/>
</kw>
<status status="PASS" starttime="20230131 18:24:32.745" endtime="20230131 18:24:32.749"/>
</kw>
<kw name="POST On Session" library="RequestsLibrary">
<var>${resposta}</var>
<arg>alias=ServeRest</arg>
<arg>url=/usuarios</arg>
<arg>json=${body}</arg>
<arg>expected_status=${status_code_desejado}</arg>
<doc>Sends a POST request on a previously created HTTP Session.</doc>
<msg timestamp="20230131 18:24:33.165" level="INFO">POST Request : url=https://serverest.dev/usuarios 
 path_url=/usuarios 
 headers={'User-Agent': 'python-requests/2.28.1', 'Accept-Encoding': 'gzip, deflate', 'accept': 'application/json', 'Connection': 'keep-alive', 'Content-Type': 'application/json', 'Content-Length': '98'} 
 body=b'{"nome": "Cleverson Santos", "email": "arld@gft.com", "password": "1234", "administrador": "true"}' 
 </msg>
<msg timestamp="20230131 18:24:33.165" level="INFO">POST Response : url=https://serverest.dev/usuarios 
 status=400, reason=Bad Request 
 headers={'access-control-allow-origin': '*', 'x-dns-prefetch-control': 'off', 'x-frame-options': 'SAMEORIGIN', 'strict-transport-security': 'max-age=15552000; includeSubDomains', 'x-download-options': 'noopen', 'x-content-type-options': 'nosniff', 'x-xss-protection': '1; mode=block', 'x-moesif-transaction-id': '1070bc64-8717-478d-9016-0132173100f2', 'content-type': 'application/json; charset=utf-8', 'X-Cloud-Trace-Context': 'd7131ced74553a08e77bf70b6cf83c66', 'Date': 'Tue, 31 Jan 2023 21:24:33 GMT', 'Server': 'Google Frontend', 'Content-Length': '53'} 
 body={
    "message": "Este email já está sendo usado"
} 
 </msg>
<msg timestamp="20230131 18:24:33.165" level="INFO">C:\Python\lib\site-packages\urllib3\connectionpool.py:1045: InsecureRequestWarning: Unverified HTTPS request is being made to host 'serverest.dev'. Adding certificate verification is strongly advised. See: https://urllib3.readthedocs.io/en/1.26.x/advanced-usage.html#ssl-warnings
  warnings.warn(</msg>
<msg timestamp="20230131 18:24:33.167" level="INFO">${resposta} = &lt;Response [400]&gt;</msg>
<status status="PASS" starttime="20230131 18:24:32.750" endtime="20230131 18:24:33.167"/>
</kw>
<kw name="Log" library="BuiltIn">
<arg>${resposta.json()}</arg>
<doc>Logs the given message with the given level.</doc>
<msg timestamp="20230131 18:24:33.168" level="INFO">{'message': 'Este email já está sendo usado'}</msg>
<status status="PASS" starttime="20230131 18:24:33.167" endtime="20230131 18:24:33.168"/>
</kw>
<if>
<branch type="IF" condition="${resposta.status_code} == 201">
<kw name="Set Test Variable" library="BuiltIn">
<arg>${ID_USUARIO}</arg>
<arg>${resposta.json()["_id"]}</arg>
<doc>Makes a variable available everywhere within the scope of the current test.</doc>
<status status="NOT RUN" starttime="20230131 18:24:33.169" endtime="20230131 18:24:33.169"/>
</kw>
<status status="NOT RUN" starttime="20230131 18:24:33.168" endtime="20230131 18:24:33.169"/>
</branch>
<status status="PASS" starttime="20230131 18:24:33.168" endtime="20230131 18:24:33.169"/>
</if>
<kw name="Set Test Variable" library="BuiltIn">
<arg>${RESPOSTA}</arg>
<arg>${resposta.json()}</arg>
<doc>Makes a variable available everywhere within the scope of the current test.</doc>
<msg timestamp="20230131 18:24:33.170" level="INFO">${RESPOSTA} = {'message': 'Este email já está sendo usado'}</msg>
<status status="PASS" starttime="20230131 18:24:33.169" endtime="20230131 18:24:33.170"/>
</kw>
<status status="PASS" starttime="20230131 18:24:32.743" endtime="20230131 18:24:33.170"/>
</kw>
<status status="PASS" starttime="20230131 18:24:32.742" endtime="20230131 18:24:33.170"/>
</kw>
<kw name="Verificar se a API não permitiu o cadastro repetido" library="api_testing_usuarios_resouce">
<kw name="Dictionary Should Contain Item" library="Collections">
<arg>${RESPOSTA}</arg>
<arg>message</arg>
<arg>Este email já está sendo usado</arg>
<doc>An item of ``key`` / ``value`` must be found in a ``dictionary``.</doc>
<status status="PASS" starttime="20230131 18:24:33.172" endtime="20230131 18:24:33.172"/>
</kw>
<status status="PASS" starttime="20230131 18:24:33.171" endtime="20230131 18:24:33.172"/>
</kw>
<status status="PASS" starttime="20230131 18:24:32.368" endtime="20230131 18:24:33.173"/>
</test>
<test id="s1-t3" name="Cenário 03: Consultar os dados de um novo usuário" line="19">
<kw name="Criar um usuário novo" library="api_testing_usuarios_resouce">
<kw name="Generate Random String" library="String">
<var>${meu_email}</var>
<arg>length=4</arg>
<arg>chars=[LETTERS]</arg>
<doc>Generates a string with a desired ``length`` from the given ``chars``.</doc>
<msg timestamp="20230131 18:24:33.176" level="INFO">${meu_email} = omwJ</msg>
<status status="PASS" starttime="20230131 18:24:33.176" endtime="20230131 18:24:33.176"/>
</kw>
<kw name="Convert To Lower Case" library="String">
<var>${meu_email}</var>
<arg>${meu_email}</arg>
<doc>Converts string to lower case.</doc>
<msg timestamp="20230131 18:24:33.177" level="INFO">${meu_email} = omwj</msg>
<status status="PASS" starttime="20230131 18:24:33.177" endtime="20230131 18:24:33.177"/>
</kw>
<kw name="Set Test Variable" library="BuiltIn">
<arg>${EMAIL_TESTE}</arg>
<arg>${meu_email}@gft.com</arg>
<doc>Makes a variable available everywhere within the scope of the current test.</doc>
<msg timestamp="20230131 18:24:33.178" level="INFO">${EMAIL_TESTE} = omwj@gft.com</msg>
<status status="PASS" starttime="20230131 18:24:33.177" endtime="20230131 18:24:33.178"/>
</kw>
<kw name="Log" library="BuiltIn">
<arg>${EMAIL_TESTE}</arg>
<doc>Logs the given message with the given level.</doc>
<msg timestamp="20230131 18:24:33.178" level="INFO">omwj@gft.com</msg>
<status status="PASS" starttime="20230131 18:24:33.178" endtime="20230131 18:24:33.179"/>
</kw>
<status status="PASS" starttime="20230131 18:24:33.175" endtime="20230131 18:24:33.179"/>
</kw>
<kw name="Cadastrar o usuário criado na ServeRest" library="api_testing_usuarios_resouce">
<arg>email=${EMAIL_TESTE}</arg>
<arg>status_code_desejado=201</arg>
<kw name="Create Dictionary" library="BuiltIn">
<var>${body}</var>
<arg>nome=Cleverson Santos</arg>
<arg>email=${email}</arg>
<arg>password=1234</arg>
<arg>administrador=true</arg>
<doc>Creates and returns a dictionary based on the given ``items``.</doc>
<msg timestamp="20230131 18:24:33.181" level="INFO">${body} = {'nome': 'Cleverson Santos', 'email': 'omwj@gft.com', 'password': '1234', 'administrador': 'true'}</msg>
<status status="PASS" starttime="20230131 18:24:33.180" endtime="20230131 18:24:33.181"/>
</kw>
<kw name="Log" library="BuiltIn">
<arg>${body}</arg>
<doc>Logs the given message with the given level.</doc>
<msg timestamp="20230131 18:24:33.181" level="INFO">{'nome': 'Cleverson Santos', 'email': 'omwj@gft.com', 'password': '1234', 'administrador': 'true'}</msg>
<status status="PASS" starttime="20230131 18:24:33.181" endtime="20230131 18:24:33.181"/>
</kw>
<kw name="Criar Sessão na ServeRest" library="api_testing_usuarios_resouce">
<kw name="Create Dictionary" library="BuiltIn">
<var>${headers}</var>
<arg>accept=application/json</arg>
<arg>Content-Type=application/json</arg>
<doc>Creates and returns a dictionary based on the given ``items``.</doc>
<msg timestamp="20230131 18:24:33.183" level="INFO">${headers} = {'accept': 'application/json', 'Content-Type': 'application/json'}</msg>
<status status="PASS" starttime="20230131 18:24:33.182" endtime="20230131 18:24:33.183"/>
</kw>
<kw name="Create Session" library="RequestsLibrary">
<arg>alias=ServeRest</arg>
<arg>url=https://serverest.dev</arg>
<arg>headers=${headers}</arg>
<doc>Create Session: create a HTTP session to a server</doc>
<msg timestamp="20230131 18:24:33.183" level="INFO">Creating Session using : alias=ServeRest, url=https://serverest.dev, headers={'accept': 'application/json', 'Content-Type': 'application/json'},                     cookies={}, auth=None, timeout=None, proxies=None, verify=False,                     debug=0 </msg>
<status status="PASS" starttime="20230131 18:24:33.183" endtime="20230131 18:24:33.184"/>
</kw>
<status status="PASS" starttime="20230131 18:24:33.182" endtime="20230131 18:24:33.184"/>
</kw>
<kw name="POST On Session" library="RequestsLibrary">
<var>${resposta}</var>
<arg>alias=ServeRest</arg>
<arg>url=/usuarios</arg>
<arg>json=${body}</arg>
<arg>expected_status=${status_code_desejado}</arg>
<doc>Sends a POST request on a previously created HTTP Session.</doc>
<msg timestamp="20230131 18:24:33.571" level="INFO">POST Request : url=https://serverest.dev/usuarios 
 path_url=/usuarios 
 headers={'User-Agent': 'python-requests/2.28.1', 'Accept-Encoding': 'gzip, deflate', 'accept': 'application/json', 'Connection': 'keep-alive', 'Content-Type': 'application/json', 'Content-Length': '98'} 
 body=b'{"nome": "Cleverson Santos", "email": "omwj@gft.com", "password": "1234", "administrador": "true"}' 
 </msg>
<msg timestamp="20230131 18:24:33.571" level="INFO">POST Response : url=https://serverest.dev/usuarios 
 status=201, reason=Created 
 headers={'access-control-allow-origin': '*', 'x-dns-prefetch-control': 'off', 'x-frame-options': 'SAMEORIGIN', 'strict-transport-security': 'max-age=15552000; includeSubDomains', 'x-download-options': 'noopen', 'x-content-type-options': 'nosniff', 'x-xss-protection': '1; mode=block', 'x-moesif-transaction-id': '5c67ff3b-2cca-443b-a484-b64b74551d96', 'content-type': 'application/json; charset=utf-8', 'X-Cloud-Trace-Context': '7de78eaefbb07c16b701fb568260968a', 'Date': 'Tue, 31 Jan 2023 21:24:33 GMT', 'Server': 'Google Frontend', 'Content-Length': '82'} 
 body={
    "message": "Cadastro realizado com sucesso",
    "_id": "t81FpxhHLlOcQG6H"
} 
 </msg>
<msg timestamp="20230131 18:24:33.571" level="INFO">C:\Python\lib\site-packages\urllib3\connectionpool.py:1045: InsecureRequestWarning: Unverified HTTPS request is being made to host 'serverest.dev'. Adding certificate verification is strongly advised. See: https://urllib3.readthedocs.io/en/1.26.x/advanced-usage.html#ssl-warnings
  warnings.warn(</msg>
<msg timestamp="20230131 18:24:33.574" level="INFO">${resposta} = &lt;Response [201]&gt;</msg>
<status status="PASS" starttime="20230131 18:24:33.184" endtime="20230131 18:24:33.574"/>
</kw>
<kw name="Log" library="BuiltIn">
<arg>${resposta.json()}</arg>
<doc>Logs the given message with the given level.</doc>
<msg timestamp="20230131 18:24:33.576" level="INFO">{'message': 'Cadastro realizado com sucesso', '_id': 't81FpxhHLlOcQG6H'}</msg>
<status status="PASS" starttime="20230131 18:24:33.575" endtime="20230131 18:24:33.577"/>
</kw>
<if>
<branch type="IF" condition="${resposta.status_code} == 201">
<kw name="Set Test Variable" library="BuiltIn">
<arg>${ID_USUARIO}</arg>
<arg>${resposta.json()["_id"]}</arg>
<doc>Makes a variable available everywhere within the scope of the current test.</doc>
<msg timestamp="20230131 18:24:33.582" level="INFO">${ID_USUARIO} = t81FpxhHLlOcQG6H</msg>
<status status="PASS" starttime="20230131 18:24:33.578" endtime="20230131 18:24:33.582"/>
</kw>
<status status="PASS" starttime="20230131 18:24:33.578" endtime="20230131 18:24:33.582"/>
</branch>
<status status="PASS" starttime="20230131 18:24:33.577" endtime="20230131 18:24:33.582"/>
</if>
<kw name="Set Test Variable" library="BuiltIn">
<arg>${RESPOSTA}</arg>
<arg>${resposta.json()}</arg>
<doc>Makes a variable available everywhere within the scope of the current test.</doc>
<msg timestamp="20230131 18:24:33.584" level="INFO">${RESPOSTA} = {'message': 'Cadastro realizado com sucesso', '_id': 't81FpxhHLlOcQG6H'}</msg>
<status status="PASS" starttime="20230131 18:24:33.582" endtime="20230131 18:24:33.584"/>
</kw>
<status status="PASS" starttime="20230131 18:24:33.179" endtime="20230131 18:24:33.584"/>
</kw>
<kw name="Consultar os dados do novo usuário" library="api_testing_usuarios_resouce">
<kw name="GET On Session" library="RequestsLibrary">
<var>${resposta_consulta}</var>
<arg>alias=ServeRest</arg>
<arg>url=/usuarios/${ID_USUARIO}</arg>
<arg>expected_status=200</arg>
<doc>Sends a GET request on a previously created HTTP Session.</doc>
<msg timestamp="20230131 18:24:33.750" level="INFO">GET Request : url=https://serverest.dev/usuarios/t81FpxhHLlOcQG6H 
 path_url=/usuarios/t81FpxhHLlOcQG6H 
 headers={'User-Agent': 'python-requests/2.28.1', 'Accept-Encoding': 'gzip, deflate', 'accept': 'application/json', 'Connection': 'keep-alive', 'Content-Type': 'application/json'} 
 body=None 
 </msg>
<msg timestamp="20230131 18:24:33.750" level="INFO">GET Response : url=https://serverest.dev/usuarios/t81FpxhHLlOcQG6H 
 status=200, reason=OK 
 headers={'access-control-allow-origin': '*', 'x-dns-prefetch-control': 'off', 'x-frame-options': 'SAMEORIGIN', 'strict-transport-security': 'max-age=15552000; includeSubDomains', 'x-download-options': 'noopen', 'x-content-type-options': 'nosniff', 'x-xss-protection': '1; mode=block', 'x-moesif-transaction-id': '9c54cc98-b369-4293-926e-29812e371358', 'content-type': 'application/json; charset=utf-8', 'X-Cloud-Trace-Context': 'dcefc49f0619353ed17bc5b3e85edcc1', 'Date': 'Tue, 31 Jan 2023 21:24:33 GMT', 'Server': 'Google Frontend', 'Content-Length': '147'} 
 body={
    "nome": "Cleverson Santos",
    "email": "omwj@gft.com",
    "password": "1234",
    "administrador": "true",
    "_id": "t81FpxhHLlOcQG6H"
} 
 </msg>
<msg timestamp="20230131 18:24:33.750" level="INFO">C:\Python\lib\site-packages\urllib3\connectionpool.py:1045: InsecureRequestWarning: Unverified HTTPS request is being made to host 'serverest.dev'. Adding certificate verification is strongly advised. See: https://urllib3.readthedocs.io/en/1.26.x/advanced-usage.html#ssl-warnings
  warnings.warn(</msg>
<msg timestamp="20230131 18:24:33.751" level="INFO">${resposta_consulta} = &lt;Response [200]&gt;</msg>
<status status="PASS" starttime="20230131 18:24:33.585" endtime="20230131 18:24:33.751"/>
</kw>
<kw name="Log" library="BuiltIn">
<arg>${resposta_consulta.status_code}</arg>
<doc>Logs the given message with the given level.</doc>
<msg timestamp="20230131 18:24:33.752" level="INFO">200</msg>
<status status="PASS" starttime="20230131 18:24:33.751" endtime="20230131 18:24:33.752"/>
</kw>
<kw name="Log" library="BuiltIn">
<arg>${resposta_consulta.reason}</arg>
<doc>Logs the given message with the given level.</doc>
<msg timestamp="20230131 18:24:33.753" level="INFO">OK</msg>
<status status="PASS" starttime="20230131 18:24:33.752" endtime="20230131 18:24:33.753"/>
</kw>
<kw name="Log" library="BuiltIn">
<arg>${resposta_consulta.headers}</arg>
<doc>Logs the given message with the given level.</doc>
<msg timestamp="20230131 18:24:33.754" level="INFO">{'access-control-allow-origin': '*', 'x-dns-prefetch-control': 'off', 'x-frame-options': 'SAMEORIGIN', 'strict-transport-security': 'max-age=15552000; includeSubDomains', 'x-download-options': 'noopen', 'x-content-type-options': 'nosniff', 'x-xss-protection': '1; mode=block', 'x-moesif-transaction-id': '9c54cc98-b369-4293-926e-29812e371358', 'content-type': 'application/json; charset=utf-8', 'X-Cloud-Trace-Context': 'dcefc49f0619353ed17bc5b3e85edcc1', 'Date': 'Tue, 31 Jan 2023 21:24:33 GMT', 'Server': 'Google Frontend', 'Content-Length': '147'}</msg>
<status status="PASS" starttime="20230131 18:24:33.753" endtime="20230131 18:24:33.754"/>
</kw>
<kw name="Log" library="BuiltIn">
<arg>${resposta_consulta.elapsed}</arg>
<doc>Logs the given message with the given level.</doc>
<msg timestamp="20230131 18:24:33.755" level="INFO">0:00:00.162716</msg>
<status status="PASS" starttime="20230131 18:24:33.754" endtime="20230131 18:24:33.755"/>
</kw>
<kw name="Log" library="BuiltIn">
<arg>${resposta_consulta.text}</arg>
<doc>Logs the given message with the given level.</doc>
<msg timestamp="20230131 18:24:33.756" level="INFO">{
    "nome": "Cleverson Santos",
    "email": "omwj@gft.com",
    "password": "1234",
    "administrador": "true",
    "_id": "t81FpxhHLlOcQG6H"
}</msg>
<status status="PASS" starttime="20230131 18:24:33.755" endtime="20230131 18:24:33.756"/>
</kw>
<kw name="Log" library="BuiltIn">
<arg>${resposta_consulta.json()}</arg>
<doc>Logs the given message with the given level.</doc>
<msg timestamp="20230131 18:24:33.757" level="INFO">{'nome': 'Cleverson Santos', 'email': 'omwj@gft.com', 'password': '1234', 'administrador': 'true', '_id': 't81FpxhHLlOcQG6H'}</msg>
<status status="PASS" starttime="20230131 18:24:33.756" endtime="20230131 18:24:33.757"/>
</kw>
<kw name="Set Test Variable" library="BuiltIn">
<arg>${RESP_CONSULTA}</arg>
<arg>${resposta_consulta.json()}</arg>
<doc>Makes a variable available everywhere within the scope of the current test.</doc>
<msg timestamp="20230131 18:24:33.759" level="INFO">${RESP_CONSULTA} = {'nome': 'Cleverson Santos', 'email': 'omwj@gft.com', 'password': '1234', 'administrador': 'true', '_id': 't81FpxhHLlOcQG6H'}</msg>
<status status="PASS" starttime="20230131 18:24:33.757" endtime="20230131 18:24:33.759"/>
</kw>
<status status="PASS" starttime="20230131 18:24:33.585" endtime="20230131 18:24:33.759"/>
</kw>
<kw name="Conferir os dados retornados" library="api_testing_usuarios_resouce">
<kw name="Log" library="BuiltIn">
<arg>${RESP_CONSULTA}</arg>
<doc>Logs the given message with the given level.</doc>
<msg timestamp="20230131 18:24:33.761" level="INFO">{'nome': 'Cleverson Santos', 'email': 'omwj@gft.com', 'password': '1234', 'administrador': 'true', '_id': 't81FpxhHLlOcQG6H'}</msg>
<status status="PASS" starttime="20230131 18:24:33.760" endtime="20230131 18:24:33.761"/>
</kw>
<kw name="Dictionary Should Contain Item" library="Collections">
<arg>${RESP_CONSULTA}</arg>
<arg>nome</arg>
<arg>Cleverson Santos</arg>
<doc>An item of ``key`` / ``value`` must be found in a ``dictionary``.</doc>
<status status="PASS" starttime="20230131 18:24:33.761" endtime="20230131 18:24:33.761"/>
</kw>
<kw name="Dictionary Should Contain Item" library="Collections">
<arg>${RESP_CONSULTA}</arg>
<arg>email</arg>
<arg>${EMAIL_TESTE}</arg>
<doc>An item of ``key`` / ``value`` must be found in a ``dictionary``.</doc>
<status status="PASS" starttime="20230131 18:24:33.761" endtime="20230131 18:24:33.762"/>
</kw>
<kw name="Dictionary Should Contain Item" library="Collections">
<arg>${RESP_CONSULTA}</arg>
<arg>password</arg>
<arg>1234</arg>
<doc>An item of ``key`` / ``value`` must be found in a ``dictionary``.</doc>
<status status="PASS" starttime="20230131 18:24:33.762" endtime="20230131 18:24:33.763"/>
</kw>
<kw name="Dictionary Should Contain Item" library="Collections">
<arg>${RESP_CONSULTA}</arg>
<arg>administrador</arg>
<arg>true</arg>
<doc>An item of ``key`` / ``value`` must be found in a ``dictionary``.</doc>
<status status="PASS" starttime="20230131 18:24:33.763" endtime="20230131 18:24:33.764"/>
</kw>
<kw name="Dictionary Should Contain Item" library="Collections">
<arg>${RESP_CONSULTA}</arg>
<arg>_id</arg>
<arg>${ID_USUARIO}</arg>
<doc>An item of ``key`` / ``value`` must be found in a ``dictionary``.</doc>
<status status="PASS" starttime="20230131 18:24:33.764" endtime="20230131 18:24:33.766"/>
</kw>
<status status="PASS" starttime="20230131 18:24:33.760" endtime="20230131 18:24:33.766"/>
</kw>
<status status="PASS" starttime="20230131 18:24:33.175" endtime="20230131 18:24:33.767"/>
</test>
<doc>Suite para testar cadastro de usuário
comand line de execução: robot -d ./Results .Testeapi_testing_usuarios.robot</doc>
<status status="PASS" starttime="20230131 18:24:31.318" endtime="20230131 18:24:33.769"/>
</suite>
<statistics>
<total>
<stat pass="3" fail="0" skip="0">All Tests</stat>
</total>
<tag>
</tag>
<suite>
<stat pass="3" fail="0" skip="0" id="s1" name="Api Testing Usuarios">Api Testing Usuarios</stat>
</suite>
</statistics>
<errors>
</errors>
</robot>
