<?xml version="1.0" encoding="UTF-8"?>
<robot generator="Robot 6.0.1 (Python 3.10.5 on win32)" generated="20230304 14:21:32.791" rpa="false" schemaversion="3">
<suite id="s1" name="Falhas Previstas" source="C:\Projetos\Robotframework\Udemy\TreinamentoRobotAvancado\falhas_previstas.robot">
<test id="s1-t1" name="Exemplo 01: Teste lidando com falhas previstas" line="3">
<kw name="Essa keyword vai falhar, mas vou ignorar (a suíte irá passar)!">
<kw name="Run Keyword And Ignore Error" library="BuiltIn">
<arg>Should Be True</arg>
<arg>"May" == "João"</arg>
<doc>Runs the given keyword with the given arguments and ignores possible error.</doc>
<kw name="Should Be True" library="BuiltIn">
<arg>"May" == "João"</arg>
<doc>Fails if the given condition is not true.</doc>
<msg timestamp="20230304 14:21:32.824" level="FAIL">'"May" == "João"' should be true.</msg>
<status status="FAIL" starttime="20230304 14:21:32.824" endtime="20230304 14:21:32.824"/>
</kw>
<status status="PASS" starttime="20230304 14:21:32.824" endtime="20230304 14:21:32.825"/>
</kw>
<kw name="Log" library="BuiltIn">
<arg>Continuo a execução!!</arg>
<doc>Logs the given message with the given level.</doc>
<msg timestamp="20230304 14:21:32.825" level="INFO">Continuo a execução!!</msg>
<status status="PASS" starttime="20230304 14:21:32.825" endtime="20230304 14:21:32.826"/>
</kw>
<status status="PASS" starttime="20230304 14:21:32.824" endtime="20230304 14:21:32.826"/>
</kw>
<kw name="Essa keyword encerra a execução da suíte!">
<arg>Não pare, por favor!</arg>
<kw name="Run Keyword If" library="BuiltIn">
<arg>"${STOP}"=="Para tudo!"</arg>
<arg>Fatal Error</arg>
<arg>msg=Para tudo, não adianta continuar com essa falha aqui!!!</arg>
<doc>Runs the given keyword with the given arguments, if ``condition`` is true.</doc>
<status status="PASS" starttime="20230304 14:21:32.826" endtime="20230304 14:21:32.826"/>
</kw>
<status status="PASS" starttime="20230304 14:21:32.826" endtime="20230304 14:21:32.826"/>
</kw>
<kw name="Essa keyword vai falhar, mas é uma falha que deve acontecer para meu teste ser considerado OK!">
<kw name="Run Keyword And Expect Error" library="BuiltIn">
<arg>'"May" == "João"' should be true.</arg>
<arg>Should Be True</arg>
<arg>"May" == "João"</arg>
<doc>Runs the keyword and checks that the expected error occurred.</doc>
<kw name="Should Be True" library="BuiltIn">
<arg>"May" == "João"</arg>
<doc>Fails if the given condition is not true.</doc>
<msg timestamp="20230304 14:21:32.828" level="FAIL">'"May" == "João"' should be true.</msg>
<status status="FAIL" starttime="20230304 14:21:32.827" endtime="20230304 14:21:32.828"/>
</kw>
<status status="PASS" starttime="20230304 14:21:32.827" endtime="20230304 14:21:32.828"/>
</kw>
<status status="PASS" starttime="20230304 14:21:32.827" endtime="20230304 14:21:32.828"/>
</kw>
<kw name="Essa keyword vai falhar, não vou ignorar (a suíte irá falhar), mas vou continuar a execução!">
<kw name="Run Keyword And Continue On Failure" library="BuiltIn">
<arg>Should Be True</arg>
<arg>"May" == "João"</arg>
<doc>Runs the keyword and continues execution even if a failure occurs.</doc>
<kw name="Should Be True" library="BuiltIn">
<arg>"May" == "João"</arg>
<doc>Fails if the given condition is not true.</doc>
<msg timestamp="20230304 14:21:32.829" level="FAIL">'"May" == "João"' should be true.</msg>
<status status="FAIL" starttime="20230304 14:21:32.829" endtime="20230304 14:21:32.829"/>
</kw>
<status status="FAIL" starttime="20230304 14:21:32.829" endtime="20230304 14:21:32.829"/>
</kw>
<kw name="Log" library="BuiltIn">
<arg>Continuo a execução 1!!</arg>
<doc>Logs the given message with the given level.</doc>
<msg timestamp="20230304 14:21:32.830" level="INFO">Continuo a execução 1!!</msg>
<status status="PASS" starttime="20230304 14:21:32.830" endtime="20230304 14:21:32.830"/>
</kw>
<kw name="Log" library="BuiltIn">
<arg>Continuo a execução 2!!</arg>
<doc>Logs the given message with the given level.</doc>
<msg timestamp="20230304 14:21:32.831" level="INFO">Continuo a execução 2!!</msg>
<status status="PASS" starttime="20230304 14:21:32.830" endtime="20230304 14:21:32.831"/>
</kw>
<kw name="Log" library="BuiltIn">
<arg>Continuo a execução 3!!</arg>
<doc>Logs the given message with the given level.</doc>
<msg timestamp="20230304 14:21:32.832" level="INFO">Continuo a execução 3!!</msg>
<status status="PASS" starttime="20230304 14:21:32.831" endtime="20230304 14:21:32.832"/>
</kw>
<status status="FAIL" starttime="20230304 14:21:32.828" endtime="20230304 14:21:32.832"/>
</kw>
<kw name="Essa keyword encerra a execução da suíte!">
<arg>Para tudo!</arg>
<kw name="Run Keyword If" library="BuiltIn">
<arg>"${STOP}"=="Para tudo!"</arg>
<arg>Fatal Error</arg>
<arg>msg=Para tudo, não adianta continuar com essa falha aqui!!!</arg>
<doc>Runs the given keyword with the given arguments, if ``condition`` is true.</doc>
<kw name="Fatal Error" library="BuiltIn">
<arg>msg=Para tudo, não adianta continuar com essa falha aqui!!!</arg>
<doc>Stops the whole test execution.</doc>
<msg timestamp="20230304 14:21:32.833" level="FAIL">Para tudo, não adianta continuar com essa falha aqui!!!</msg>
<status status="FAIL" starttime="20230304 14:21:32.833" endtime="20230304 14:21:32.833"/>
</kw>
<status status="FAIL" starttime="20230304 14:21:32.833" endtime="20230304 14:21:32.833"/>
</kw>
<status status="FAIL" starttime="20230304 14:21:32.832" endtime="20230304 14:21:32.833"/>
</kw>
<status status="FAIL" starttime="20230304 14:21:32.823" endtime="20230304 14:21:32.834">Several failures occurred:

1) '"May" == "João"' should be true.

2) Para tudo, não adianta continuar com essa falha aqui!!!</status>
</test>
<test id="s1-t2" name="Exemplo 02: Teste de continuação da suíte" line="10">
<tag>robot:exit</tag>
<status status="FAIL" starttime="20230304 14:21:32.835" endtime="20230304 14:21:32.835">Test execution stopped due to a fatal error.</status>
</test>
<test id="s1-t3" name="Exemplo 03: Teste de continuação da suíte" line="13">
<tag>robot:exit</tag>
<status status="FAIL" starttime="20230304 14:21:32.836" endtime="20230304 14:21:32.837">Test execution stopped due to a fatal error.</status>
</test>
<status status="FAIL" starttime="20230304 14:21:32.793" endtime="20230304 14:21:32.839"/>
</suite>
<statistics>
<total>
<stat pass="0" fail="3" skip="0">All Tests</stat>
</total>
<tag>
<stat pass="0" fail="1" skip="0" info="combined" combined="NOT robot:exit">NOT robot:exit</stat>
</tag>
<suite>
<stat pass="0" fail="3" skip="0" id="s1" name="Falhas Previstas">Falhas Previstas</stat>
</suite>
</statistics>
<errors>
</errors>
</robot>
